<?xml version="1.0" encoding="UTF-8"?>
<!-- Generated by org.testng.reporters.JUnitReportReporter -->
<testsuite skipped="0" hostname="DESKTOP-PGTB53B" name="com.sdk.test.Test" tests="1" failures="0" timestamp="27 Oct 2018 03:08:09 GMT" time="0.021" errors="0">
  <testcase name="sample" time="0.021" classname="com.sdk.test.Test"/>
</testsuite> <!-- com.sdk.test.Test -->
