<?xml version="1.0" encoding="UTF-8"?>
<!-- Generated by org.testng.reporters.JUnitReportReporter -->
<testsuite skipped="0" hostname="DESKTOP-PGTB53B" name="com.sdk.test.Test" tests="1" failures="0" timestamp="16 Nov 2018 18:13:02 GMT" time="0.025" errors="0">
  <testcase name="sample" time="0.025" classname="com.sdk.test.Test"/>
</testsuite> <!-- com.sdk.test.Test -->
